%MSG-w ColorDrawingOptions:  Early 17-May-2019 05:30:48 CDT JobSetup
only 1 value given for raw color scale: number of divisions, low and high values.
Pad out those values for the number of signal types.
%MSG
%MSG-w ColorDrawingOptions:  Early 17-May-2019 05:30:48 CDT JobSetup
only 1 value given for reco color scale: number of divisions, low and high values.
Pad out those values for the number of signal types.
%MSG
17-May-2019 05:30:48 CDT  Initiating request to open input file "noisefile.root"
17-May-2019 05:30:48 CDT  Opened input file "noisefile.root"
%MSG-w LoadNewGeometry:  BeginRun 17-May-2019 05:30:54 CDT run: 1
cannot find sumdata::RunData object to grab detector name
this is expected if generating MC files
using default geometry from configuration file

%MSG
%MSG-w Geometry:  BeginRun 17-May-2019 05:30:54 CDT run: 1
cannot find sumdata::RunData object to grab detector name
this is expected if generating MC files
using default geometry from configuration file

%MSG
17-May-2019 05:36:57 CDT  Closed input file "noisefile.root"

====================================================================================================================
TimeTracker printout (sec)            Min           Avg           Max         Median          RMS         nEvts   
====================================================================================================================
Full event                        0.000214432   0.000335613   0.00097026    0.000260066   0.000214866      10     
--------------------------------------------------------------------------------------------------------------------
source:RootInput(read)            0.000152736   0.000241581   0.000651837   0.000190274   0.000140788      10     
end_path:evdisp:EVD                5.418e-06    9.2707e-06    3.6083e-05     6.022e-06    8.96639e-06      10     
====================================================================================================================

====================================================================================================
MemoryTracker summary (base-10 MB units used)

  Peak virtual memory usage (VmPeak)  : 1253.96 MB
  Peak resident set size usage (VmHWM): 603.124 MB
  Details saved in: 'memory.db'
====================================================================================================

TrigReport ---------- Event  Summary ------------
TrigReport Events total = 10 passed = 10 failed = 0

TrigReport ------ Modules in End-Path: end_path ------------
TrigReport  Trig Bit#        Run    Success      Error Name
TrigReport     0    0         10         10          0 evdisp

TimeReport ---------- Time  Summary ---[sec]----
TimeReport CPU = 31.343235 Real = 368.375271

MemReport  ---------- Memory  Summary ---[base-10 MB]----
MemReport  VmPeak = 1253.96 VmHWM = 603.124

