%MSG-i MF_INIT_OK:  Early 16-May-2019 08:52:04 CDT JobSetup
Messagelogger initialization complete.
%MSG
%MSG-i AuxDetGeometryCore:  Early 16-May-2019 08:52:06 CDT JobSetup
New detector geometry loaded from 
	/sbnd/app/users/ascarff/larsoft/build_slf6.x86_64/sbndcode/gdml/sbnd_v01_01.gdml
	/sbnd/app/users/ascarff/larsoft/build_slf6.x86_64/sbndcode/gdml/sbnd_v01_01.gdml

%MSG
%MSG-i GeometryCore:  Early 16-May-2019 08:52:06 CDT JobSetup
New detector geometry loaded from 
	/sbnd/app/users/ascarff/larsoft/build_slf6.x86_64/sbndcode/gdml/sbnd_v01_01.gdml
	/sbnd/app/users/ascarff/larsoft/build_slf6.x86_64/sbndcode/gdml/sbnd_v01_01_nowires.gdml

%MSG
%MSG-i GeometryCore:  Early 16-May-2019 08:52:06 CDT JobSetup
Sorting volumes...
%MSG
%MSG-i ChannelMapStandardAlg:  Early 16-May-2019 08:52:06 CDT JobSetup
Initializing Standard ChannelMap...
%MSG
%MSG-i setupProvider<DetectorPropertiesStandard>:  Early  16-May-2019 08:52:06 CDT JobSetup
Asked to ignore 1 keys: 'InheritNumberTimeSamples'
%MSG
%MSG-i SimpleChannelStatusService:  Early 16-May-2019 08:52:19 CDT JobSetup
Loaded from configuration:
  - 0 bad channels
  - 0 noisy channels
  - largest channel ID: 11275, largest present: 11275
%MSG
%MSG-i SignalShapingServiceSBND:  Early 16-May-2019 08:52:20 CDT JobSetup
Getting Filter from .fcl file
%MSG
%MSG-i SignalShapingServiceSBND:  Early 16-May-2019 08:52:20 CDT JobSetup
Using the field response provided from '/cvmfs/sbnd.opensciencegrid.org/products/sbnd/sbnd_data/v01_02_00/Response/sbnd_response_v1.0.root' (histograms 'FieldResponse_*')
%MSG
%MSG-i RANDOM:  sbndcode/CRT/CRTDetSim:crt@Construction  16-May-2019 08:52:20 CDT ModuleConstruction
Instantiated HepJamesRandom engine "crt:0:crt" with seed 0.
%MSG
%MSG-i NuRandomService:  sbndcode/CRT/CRTDetSim:crt@Construction  16-May-2019 08:52:20 CDT ModuleConstruction
Seeding HepJamesRandom engine "crt:crt" with seed 0.
%MSG
%MSG-i RANDOM:  SimWireSBND:daq@Construction 16-May-2019 08:52:20 CDT  ModuleConstruction
Instantiated HepJamesRandom engine "daq:0:noise" with seed 0.
%MSG
%MSG-i NuRandomService:  SimWireSBND:daq@Construction 16-May-2019 08:52:20 CDT  ModuleConstruction
Seeding HepJamesRandom engine "daq:noise" with seed 0.
%MSG
%MSG-i RANDOM:  SimWireSBND:daq@Construction 16-May-2019 08:52:20 CDT  ModuleConstruction
Instantiated HepJamesRandom engine "daq:0:pedestal" with seed 0.
%MSG
%MSG-i NuRandomService:  SimWireSBND:daq@Construction 16-May-2019 08:52:20 CDT  ModuleConstruction
Seeding HepJamesRandom engine "daq:pedestal" with seed 0.
%MSG
%MSG-i FastCloning:  RootOutput:out1@Construction 16-May-2019 08:52:20 CDT  ModuleConstruction
Initial fast cloning configuration (from default): true
%MSG
16-May-2019 08:52:20 CDT  Initiating request to open input file "../../JobConfigurations/myfile.root"
16-May-2019 08:52:20 CDT  Opened input file "../../JobConfigurations/myfile.root"
%MSG-w LoadNewGeometry:  BeginRun 16-May-2019 08:52:20 CDT run: 1
cannot find sumdata::RunData object to grab detector name
this is expected if generating MC files
using default geometry from configuration file

%MSG
%MSG-w Geometry:  BeginRun 16-May-2019 08:52:20 CDT run: 1
cannot find sumdata::RunData object to grab detector name
this is expected if generating MC files
using default geometry from configuration file

%MSG
Begin processing the 1st record. run: 1 subRun: 0 event: 1 at 16-May-2019 08:52:20 CDT
%MSG-i NuRandomService:  ProcessEvent 16-May-2019 08:52:20 CDT  run: 1 subRun: 0 event: 1
Random seed for this event, engine '.SPhaseChannelNoiseService': 827841612
%MSG
%MSG-i DetPedestalRetrievalAlg:  ProcessEvent 16-May-2019 08:52:20 CDT  run: 1 subRun: 0 event: 1
DetPedestalRetrievalAlg::UpdateTimeStamp called.
%MSG
%MSG-i NuRandomService:  SimWireSBND:daq@BeginModule 16-May-2019 08:52:20 CDT  run: 1 subRun: 0 event: 1
Random seed for this event, engine 'daq.noise': 338548946
%MSG
%MSG-i NuRandomService:  SimWireSBND:daq@BeginModule 16-May-2019 08:52:20 CDT  run: 1 subRun: 0 event: 1
Random seed for this event, engine 'daq.pedestal': 74631257
%MSG
%MSG-i NuRandomService:  sbndcode/CRT/CRTDetSim:crt@BeginModule  16-May-2019 08:52:22 CDT run: 1 subRun: 0 event: 1
Random seed for this event, engine 'crt.crt': 77761209
%MSG
%MSG-i CRT:  sbndcode/CRT/CRTDetSim:crt@BeginModule 16-May-2019 08:52:24 CDT  run: 1 subRun: 0 event: 1
CRT TRIGGERED HITS: 0

%MSG
16-May-2019 08:52:24 CDT  Opened output file with pattern "noisefile.root"
Begin processing the 2nd record. run: 1 subRun: 0 event: 2 at 16-May-2019 08:52:25 CDT
%MSG-i NuRandomService:  ProcessEvent 16-May-2019 08:52:25 CDT  run: 1 subRun: 0 event: 2
Random seed for this event, engine '.SPhaseChannelNoiseService': 840697618
%MSG
%MSG-i DetPedestalRetrievalAlg:  ProcessEvent 16-May-2019 08:52:25 CDT  run: 1 subRun: 0 event: 2
DetPedestalRetrievalAlg::UpdateTimeStamp called.
%MSG
%MSG-i NuRandomService:  SimWireSBND:daq@BeginModule 16-May-2019 08:52:25 CDT  run: 1 subRun: 0 event: 2
Random seed for this event, engine 'daq.noise': 193486730
%MSG
%MSG-i NuRandomService:  SimWireSBND:daq@BeginModule 16-May-2019 08:52:25 CDT  run: 1 subRun: 0 event: 2
Random seed for this event, engine 'daq.pedestal': 779111530
%MSG
%MSG-i NuRandomService:  sbndcode/CRT/CRTDetSim:crt@BeginModule  16-May-2019 08:52:27 CDT run: 1 subRun: 0 event: 2
Random seed for this event, engine 'crt.crt': 283841291
%MSG
%MSG-i CRT:  sbndcode/CRT/CRTDetSim:crt@BeginModule 16-May-2019 08:52:29 CDT  run: 1 subRun: 0 event: 2
CRT TRIGGERED HITS: 0

%MSG
Begin processing the 3rd record. run: 1 subRun: 0 event: 3 at 16-May-2019 08:52:30 CDT
%MSG-i NuRandomService:  ProcessEvent 16-May-2019 08:52:30 CDT  run: 1 subRun: 0 event: 3
Random seed for this event, engine '.SPhaseChannelNoiseService': 881699828
%MSG
%MSG-i DetPedestalRetrievalAlg:  ProcessEvent 16-May-2019 08:52:30 CDT  run: 1 subRun: 0 event: 3
DetPedestalRetrievalAlg::UpdateTimeStamp called.
%MSG
%MSG-i NuRandomService:  SimWireSBND:daq@BeginModule 16-May-2019 08:52:30 CDT  run: 1 subRun: 0 event: 3
Random seed for this event, engine 'daq.noise': 419163944
%MSG
%MSG-i NuRandomService:  SimWireSBND:daq@BeginModule 16-May-2019 08:52:30 CDT  run: 1 subRun: 0 event: 3
Random seed for this event, engine 'daq.pedestal': 205765636
%MSG
%MSG-i NuRandomService:  sbndcode/CRT/CRTDetSim:crt@BeginModule  16-May-2019 08:52:32 CDT run: 1 subRun: 0 event: 3
Random seed for this event, engine 'crt.crt': 405501396
%MSG
%MSG-i CRT:  sbndcode/CRT/CRTDetSim:crt@BeginModule 16-May-2019 08:52:34 CDT  run: 1 subRun: 0 event: 3
CRT TRIGGERED HITS: 0

%MSG
Begin processing the 4th record. run: 1 subRun: 0 event: 4 at 16-May-2019 08:52:35 CDT
%MSG-i NuRandomService:  ProcessEvent 16-May-2019 08:52:35 CDT  run: 1 subRun: 0 event: 4
Random seed for this event, engine '.SPhaseChannelNoiseService': 869386992
%MSG
%MSG-i DetPedestalRetrievalAlg:  ProcessEvent 16-May-2019 08:52:35 CDT  run: 1 subRun: 0 event: 4
DetPedestalRetrievalAlg::UpdateTimeStamp called.
%MSG
%MSG-i NuRandomService:  SimWireSBND:daq@BeginModule 16-May-2019 08:52:35 CDT  run: 1 subRun: 0 event: 4
Random seed for this event, engine 'daq.noise': 488574696
%MSG
%MSG-i NuRandomService:  SimWireSBND:daq@BeginModule 16-May-2019 08:52:35 CDT  run: 1 subRun: 0 event: 4
Random seed for this event, engine 'daq.pedestal': 422318329
%MSG
%MSG-i NuRandomService:  sbndcode/CRT/CRTDetSim:crt@BeginModule  16-May-2019 08:52:37 CDT run: 1 subRun: 0 event: 4
Random seed for this event, engine 'crt.crt': 59367426
%MSG
%MSG-i CRT:  sbndcode/CRT/CRTDetSim:crt@BeginModule 16-May-2019 08:52:37 CDT  run: 1 subRun: 0 event: 4
CRT TIMING: t0=36.5065, tDelayMean=15.0209, tDelayRMS=5.82686, tDelay=27.072, tDelay(interp)=27.072, tProp=2.9227, t=66.5011, ticks=1

%MSG
%MSG-i CRT:  sbndcode/CRT/CRTDetSim:crt@BeginModule 16-May-2019 08:52:37 CDT  run: 1 subRun: 0 event: 4
CRT TIMING: t0=36.5065, tDelayMean=15.0209, tDelayRMS=5.82686, tDelay=8.51114, tDelay(interp)=8.51114, tProp=0.590154, t=45.6077, ticks=0

%MSG
%MSG-i CRT:  sbndcode/CRT/CRTDetSim:crt@BeginModule 16-May-2019 08:52:37 CDT  run: 1 subRun: 0 event: 4
CRT HIT in 61/9
CRT HIT POS 111.179 5.01602 657.15
CRT STRIP POS 106.8 180 657.15
CRT MODULE POS 90 180 0.9 
CRT PATH: volWorld_1/volDetEnclosure_0/volTaggerFaceBack_0/volCRTModule_1861_0/volAuxDetCRTStripArray_1859_0/volAuxDetSensitiveCRTStrip_1852_0
CRT level 0 (strip): volAuxDetSensitiveCRTStrip_1852_0
CRT level 1 (array): volAuxDetCRTStripArray_1859_0
CRT level 2 (module): volCRTModule_1861_0
CRT level 3 (tagger): volTaggerFaceBack_0
CRT PLANE ID: 1
CRT distToReadout: 354.584 top
CRT q0: 63, q1: 63, t0: 1, t1: 0, dt: 1

%MSG
%MSG-i CRT:  sbndcode/CRT/CRTDetSim:crt@BeginModule 16-May-2019 08:52:37 CDT  run: 1 subRun: 0 event: 4
CRT TIMING: t0=36.5716, tDelayMean=15.0209, tDelayRMS=5.82686, tDelay=19.5389, tDelay(interp)=19.5389, tProp=0.670733, t=56.7813, ticks=0

%MSG
%MSG-i CRT:  sbndcode/CRT/CRTDetSim:crt@BeginModule 16-May-2019 08:52:37 CDT  run: 1 subRun: 0 event: 4
CRT TIMING: t0=36.5716, tDelayMean=15.0209, tDelayRMS=5.82686, tDelay=19.0406, tDelay(interp)=19.0406, tProp=0.943432, t=56.5557, ticks=0

%MSG
%MSG-i CRT:  sbndcode/CRT/CRTDetSim:crt@BeginModule 16-May-2019 08:52:37 CDT  run: 1 subRun: 0 event: 4
CRT HIT in 69/15
CRT HIT POS 110.544 5.43587 655.35
CRT STRIP POS 180 6 655.35
CRT MODULE POS 180 90 -0.9 
CRT PATH: volWorld_1/volDetEnclosure_0/volTaggerFaceBack_0/volCRTModule_2013_0/volAuxDetCRTStripArray_2011_0/volAuxDetSensitiveCRTStrip_2010_0
CRT level 0 (strip): volAuxDetSensitiveCRTStrip_2010_0
CRT level 1 (array): volAuxDetCRTStripArray_2011_0
CRT level 2 (module): volCRTModule_2013_0
CRT level 3 (tagger): volTaggerFaceBack_0
CRT PLANE ID: 0
CRT distToReadout: 110.144 bot
CRT q0: 63, q1: 63, t0: 0, t1: 0, dt: 0

%MSG
%MSG-i CRT:  sbndcode/CRT/CRTDetSim:crt@BeginModule 16-May-2019 08:52:38 CDT  run: 1 subRun: 0 event: 4
CRT TRIGGERED HITS: 0

%MSG
Begin processing the 5th record. run: 1 subRun: 0 event: 5 at 16-May-2019 08:52:39 CDT
%MSG-i NuRandomService:  ProcessEvent 16-May-2019 08:52:39 CDT  run: 1 subRun: 0 event: 5
Random seed for this event, engine '.SPhaseChannelNoiseService': 191286076
%MSG
%MSG-i DetPedestalRetrievalAlg:  ProcessEvent 16-May-2019 08:52:39 CDT  run: 1 subRun: 0 event: 5
DetPedestalRetrievalAlg::UpdateTimeStamp called.
%MSG
%MSG-i NuRandomService:  SimWireSBND:daq@BeginModule 16-May-2019 08:52:39 CDT  run: 1 subRun: 0 event: 5
Random seed for this event, engine 'daq.noise': 246499287
%MSG
%MSG-i NuRandomService:  SimWireSBND:daq@BeginModule 16-May-2019 08:52:39 CDT  run: 1 subRun: 0 event: 5
Random seed for this event, engine 'daq.pedestal': 308443521
%MSG
%MSG-i NuRandomService:  sbndcode/CRT/CRTDetSim:crt@BeginModule  16-May-2019 08:52:41 CDT run: 1 subRun: 0 event: 5
Random seed for this event, engine 'crt.crt': 328887589
%MSG
%MSG-i CRT:  sbndcode/CRT/CRTDetSim:crt@BeginModule 16-May-2019 08:52:43 CDT  run: 1 subRun: 0 event: 5
CRT TRIGGERED HITS: 0

%MSG
Begin processing the 6th record. run: 1 subRun: 0 event: 6 at 16-May-2019 08:52:44 CDT
%MSG-i NuRandomService:  ProcessEvent 16-May-2019 08:52:44 CDT  run: 1 subRun: 0 event: 6
Random seed for this event, engine '.SPhaseChannelNoiseService': 537406913
%MSG
%MSG-i DetPedestalRetrievalAlg:  ProcessEvent 16-May-2019 08:52:44 CDT  run: 1 subRun: 0 event: 6
DetPedestalRetrievalAlg::UpdateTimeStamp called.
%MSG
%MSG-i NuRandomService:  SimWireSBND:daq@BeginModule 16-May-2019 08:52:44 CDT  run: 1 subRun: 0 event: 6
Random seed for this event, engine 'daq.noise': 579082136
%MSG
%MSG-i NuRandomService:  SimWireSBND:daq@BeginModule 16-May-2019 08:52:44 CDT  run: 1 subRun: 0 event: 6
Random seed for this event, engine 'daq.pedestal': 196797678
%MSG
%MSG-i NuRandomService:  sbndcode/CRT/CRTDetSim:crt@BeginModule  16-May-2019 08:52:46 CDT run: 1 subRun: 0 event: 6
Random seed for this event, engine 'crt.crt': 216882451
%MSG
%MSG-i CRT:  sbndcode/CRT/CRTDetSim:crt@BeginModule 16-May-2019 08:52:47 CDT  run: 1 subRun: 0 event: 6
CRT TIMING: t0=36.6263, tDelayMean=15.0209, tDelayRMS=5.82686, tDelay=2.97394, tDelay(interp)=2.97394, tProp=0.886638, t=40.4868, ticks=0

%MSG
%MSG-i CRT:  sbndcode/CRT/CRTDetSim:crt@BeginModule 16-May-2019 08:52:47 CDT  run: 1 subRun: 0 event: 6
CRT TIMING: t0=36.6263, tDelayMean=15.0209, tDelayRMS=5.82686, tDelay=11.1106, tDelay(interp)=11.1106, tProp=0.952968, t=48.6898, ticks=0

%MSG
%MSG-i CRT:  sbndcode/CRT/CRTDetSim:crt@BeginModule 16-May-2019 08:52:47 CDT  run: 1 subRun: 0 event: 6
CRT HIT in 61/13
CRT HIT POS 152.415 121.337 657.592
CRT STRIP POS 151.6 180 657.15
CRT MODULE POS 90 180 0.9 
CRT PATH: volWorld_1/volDetEnclosure_0/volTaggerFaceBack_0/volCRTModule_1861_0/volAuxDetCRTStripArray_1859_0/volAuxDetSensitiveCRTStrip_1856_0
CRT level 0 (strip): volAuxDetSensitiveCRTStrip_1856_0
CRT level 1 (array): volAuxDetCRTStripArray_1859_0
CRT level 2 (module): volCRTModule_1861_0
CRT level 3 (tagger): volTaggerFaceBack_0
CRT PLANE ID: 1
CRT distToReadout: 238.263 top
CRT q0: 63, q1: 63, t0: 0, t1: 0, dt: 0

%MSG
%MSG-i CRT:  sbndcode/CRT/CRTDetSim:crt@BeginModule 16-May-2019 08:52:47 CDT  run: 1 subRun: 0 event: 6
CRT TIMING: t0=42.3334, tDelayMean=15.0209, tDelayRMS=5.82686, tDelay=24.5518, tDelay(interp)=24.5518, tProp=4.44563, t=71.3308, ticks=1

%MSG
%MSG-i CRT:  sbndcode/CRT/CRTDetSim:crt@BeginModule 16-May-2019 08:52:47 CDT  run: 1 subRun: 0 event: 6
CRT TIMING: t0=42.3334, tDelayMean=15.0209, tDelayRMS=5.82686, tDelay=15.8249, tDelay(interp)=15.8249, tProp=2.70649, t=60.8648, ticks=0

%MSG
%MSG-i CRT:  sbndcode/CRT/CRTDetSim:crt@BeginModule 16-May-2019 08:52:47 CDT  run: 1 subRun: 0 event: 6
CRT HIT in 62/4
CRT HIT POS 236.009 -59.4186 657.15
CRT STRIP POS 230.8 -180 657.15
CRT MODULE POS 270 -180 0.9 
CRT PATH: volWorld_1/volDetEnclosure_0/volTaggerFaceBack_0/volCRTModule_1880_0/volAuxDetCRTStripArray_1878_0/volAuxDetSensitiveCRTStrip_1866_0
CRT level 0 (strip): volAuxDetSensitiveCRTStrip_1866_0
CRT level 1 (array): volAuxDetCRTStripArray_1878_0
CRT level 2 (module): volCRTModule_1880_0
CRT level 3 (tagger): volTaggerFaceBack_0
CRT PLANE ID: 1
CRT distToReadout: 300.181 bot
CRT q0: 63, q1: 63, t0: 1, t1: 0, dt: 1

%MSG
%MSG-i CRT:  sbndcode/CRT/CRTDetSim:crt@BeginModule 16-May-2019 08:52:47 CDT  run: 1 subRun: 0 event: 6
CRT TIMING: t0=42.4294, tDelayMean=15.0209, tDelayRMS=5.82686, tDelay=17.3829, tDelay(interp)=17.3829, tProp=0.58995, t=60.4022, ticks=0

%MSG
%MSG-i CRT:  sbndcode/CRT/CRTDetSim:crt@BeginModule 16-May-2019 08:52:47 CDT  run: 1 subRun: 0 event: 6
CRT TIMING: t0=42.4294, tDelayMean=15.0209, tDelayRMS=5.82686, tDelay=12.844, tDelay(interp)=12.844, tProp=-0.064972, t=55.2083, ticks=0

%MSG
%MSG-i CRT:  sbndcode/CRT/CRTDetSim:crt@BeginModule 16-May-2019 08:52:47 CDT  run: 1 subRun: 0 event: 6
CRT HIT in 67/5
CRT HIT POS 236.917 -61.47 655.35
CRT STRIP POS 270 -62 655.35
CRT MODULE POS 270 -90 -0.9 
CRT PATH: volWorld_1/volDetEnclosure_0/volTaggerFaceBack_0/volCRTModule_1975_0/volAuxDetCRTStripArray_1973_0/volAuxDetSensitiveCRTStrip_1962_0
CRT level 0 (strip): volAuxDetSensitiveCRTStrip_1962_0
CRT level 1 (array): volAuxDetCRTStripArray_1973_0
CRT level 2 (module): volCRTModule_1975_0
CRT level 3 (tagger): volTaggerFaceBack_0
CRT PLANE ID: 0
CRT distToReadout: 56.5167 bot
CRT q0: 63, q1: 63, t0: 0, t1: 0, dt: 0

%MSG
%MSG-i CRT:  sbndcode/CRT/CRTDetSim:crt@BeginModule 16-May-2019 08:52:48 CDT  run: 1 subRun: 0 event: 6
CRT TRIGGERED HITS: 0

%MSG
Begin processing the 7th record. run: 1 subRun: 0 event: 7 at 16-May-2019 08:52:49 CDT
%MSG-i NuRandomService:  ProcessEvent 16-May-2019 08:52:49 CDT  run: 1 subRun: 0 event: 7
Random seed for this event, engine '.SPhaseChannelNoiseService': 553588988
%MSG
%MSG-i DetPedestalRetrievalAlg:  ProcessEvent 16-May-2019 08:52:49 CDT  run: 1 subRun: 0 event: 7
DetPedestalRetrievalAlg::UpdateTimeStamp called.
%MSG
%MSG-i NuRandomService:  SimWireSBND:daq@BeginModule 16-May-2019 08:52:49 CDT  run: 1 subRun: 0 event: 7
Random seed for this event, engine 'daq.noise': 372177029
%MSG
%MSG-i NuRandomService:  SimWireSBND:daq@BeginModule 16-May-2019 08:52:49 CDT  run: 1 subRun: 0 event: 7
Random seed for this event, engine 'daq.pedestal': 419677641
%MSG
%MSG-i NuRandomService:  sbndcode/CRT/CRTDetSim:crt@BeginModule  16-May-2019 08:52:51 CDT run: 1 subRun: 0 event: 7
Random seed for this event, engine 'crt.crt': 825983288
%MSG
%MSG-i CRT:  sbndcode/CRT/CRTDetSim:crt@BeginModule 16-May-2019 08:52:52 CDT  run: 1 subRun: 0 event: 7
CRT TRIGGERED HITS: 0

%MSG
Begin processing the 8th record. run: 1 subRun: 0 event: 8 at 16-May-2019 08:52:54 CDT
%MSG-i NuRandomService:  ProcessEvent 16-May-2019 08:52:54 CDT  run: 1 subRun: 0 event: 8
Random seed for this event, engine '.SPhaseChannelNoiseService': 869361869
%MSG
%MSG-i DetPedestalRetrievalAlg:  ProcessEvent 16-May-2019 08:52:54 CDT  run: 1 subRun: 0 event: 8
DetPedestalRetrievalAlg::UpdateTimeStamp called.
%MSG
%MSG-i NuRandomService:  SimWireSBND:daq@BeginModule 16-May-2019 08:52:54 CDT  run: 1 subRun: 0 event: 8
Random seed for this event, engine 'daq.noise': 709867784
%MSG
%MSG-i NuRandomService:  SimWireSBND:daq@BeginModule 16-May-2019 08:52:54 CDT  run: 1 subRun: 0 event: 8
Random seed for this event, engine 'daq.pedestal': 468699518
%MSG
%MSG-i NuRandomService:  sbndcode/CRT/CRTDetSim:crt@BeginModule  16-May-2019 08:52:55 CDT run: 1 subRun: 0 event: 8
Random seed for this event, engine 'crt.crt': 101138189
%MSG
%MSG-i CRT:  sbndcode/CRT/CRTDetSim:crt@BeginModule 16-May-2019 08:52:56 CDT  run: 1 subRun: 0 event: 8
CRT TIMING: t0=2922.09, tDelayMean=15.0209, tDelayRMS=5.82686, tDelay=21.7591, tDelay(interp)=21.7591, tProp=-0.0441625, t=2943.8, ticks=47

%MSG
%MSG-i CRT:  sbndcode/CRT/CRTDetSim:crt@BeginModule 16-May-2019 08:52:56 CDT  run: 1 subRun: 0 event: 8
CRT TIMING: t0=2922.09, tDelayMean=15.0209, tDelayRMS=5.82686, tDelay=15.7045, tDelay(interp)=15.7045, tProp=-0.00349165, t=2937.79, ticks=47

%MSG
%MSG-i CRT:  sbndcode/CRT/CRTDetSim:crt@BeginModule 16-May-2019 08:52:56 CDT  run: 1 subRun: 0 event: 8
CRT HIT in 60/10
CRT HIT POS 119.288 -332.9 657.15
CRT STRIP POS 118 -270 657.15
CRT MODULE POS 90 -270 0.9 
CRT PATH: volWorld_1/volDetEnclosure_0/volTaggerFaceBack_0/volCRTModule_1842_0/volAuxDetCRTStripArray_1840_0/volAuxDetSensitiveCRTStrip_1834_0
CRT level 0 (strip): volAuxDetSensitiveCRTStrip_1834_0
CRT level 1 (array): volAuxDetCRTStripArray_1840_0
CRT level 2 (module): volCRTModule_1842_0
CRT level 3 (tagger): volTaggerFaceBack_0
CRT PLANE ID: 1
CRT distToReadout: 26.6997 bot
CRT q0: 63, q1: 63, t0: 47, t1: 47, dt: 0

%MSG
%MSG-i CRT:  sbndcode/CRT/CRTDetSim:crt@BeginModule 16-May-2019 08:52:56 CDT  run: 1 subRun: 0 event: 8
CRT TIMING: t0=22.7594, tDelayMean=15.0209, tDelayRMS=5.82686, tDelay=17.8407, tDelay(interp)=17.8407, tProp=2.52118, t=43.1214, ticks=0

%MSG
%MSG-i CRT:  sbndcode/CRT/CRTDetSim:crt@BeginModule 16-May-2019 08:52:56 CDT  run: 1 subRun: 0 event: 8
CRT TIMING: t0=22.7594, tDelayMean=15.0209, tDelayRMS=5.82686, tDelay=12.1565, tDelay(interp)=12.1565, tProp=-2.53553, t=32.3804, ticks=0

%MSG
%MSG-i CRT:  sbndcode/CRT/CRTDetSim:crt@BeginModule 16-May-2019 08:52:56 CDT  run: 1 subRun: 0 event: 8
CRT HIT in 61/13
CRT HIT POS 147.094 60.7942 656.65
CRT STRIP POS 151.6 180 657.15
CRT MODULE POS 90 180 0.9 
CRT PATH: volWorld_1/volDetEnclosure_0/volTaggerFaceBack_0/volCRTModule_1861_0/volAuxDetCRTStripArray_1859_0/volAuxDetSensitiveCRTStrip_1856_0
CRT level 0 (strip): volAuxDetSensitiveCRTStrip_1856_0
CRT level 1 (array): volAuxDetCRTStripArray_1859_0
CRT level 2 (module): volCRTModule_1861_0
CRT level 3 (tagger): volTaggerFaceBack_0
CRT PLANE ID: 1
CRT distToReadout: 298.806 top
CRT q0: 63, q1: 63, t0: 0, t1: 0, dt: 0

%MSG
%MSG-i CRT:  sbndcode/CRT/CRTDetSim:crt@BeginModule 16-May-2019 08:52:56 CDT  run: 1 subRun: 0 event: 8
CRT TIMING: t0=25.6581, tDelayMean=15.0209, tDelayRMS=5.82686, tDelay=8.66385, tDelay(interp)=8.66385, tProp=6.50462, t=40.8266, ticks=0

%MSG
%MSG-i CRT:  sbndcode/CRT/CRTDetSim:crt@BeginModule 16-May-2019 08:52:56 CDT  run: 1 subRun: 0 event: 8
CRT TIMING: t0=25.6581, tDelayMean=15.0209, tDelayRMS=5.82686, tDelay=22.3825, tDelay(interp)=22.3825, tProp=1.04634, t=49.087, ticks=0

%MSG
%MSG-i CRT:  sbndcode/CRT/CRTDetSim:crt@BeginModule 16-May-2019 08:52:56 CDT  run: 1 subRun: 0 event: 8
CRT HIT in 63/1
CRT HIT POS 198.497 27.2858 657.15
CRT STRIP POS 197.2 180 657.15
CRT MODULE POS 270 180 0.9 
CRT PATH: volWorld_1/volDetEnclosure_0/volTaggerFaceBack_0/volCRTModule_1899_0/volAuxDetCRTStripArray_1897_0/volAuxDetSensitiveCRTStrip_1882_0
CRT level 0 (strip): volAuxDetSensitiveCRTStrip_1882_0
CRT level 1 (array): volAuxDetCRTStripArray_1897_0
CRT level 2 (module): volCRTModule_1899_0
CRT level 3 (tagger): volTaggerFaceBack_0
CRT PLANE ID: 1
CRT distToReadout: 332.314 top
CRT q0: 63, q1: 63, t0: 0, t1: 0, dt: 0

%MSG
%MSG-i CRT:  sbndcode/CRT/CRTDetSim:crt@BeginModule 16-May-2019 08:52:56 CDT  run: 1 subRun: 0 event: 8
CRT TIMING: t0=2922.15, tDelayMean=15.0209, tDelayRMS=5.82686, tDelay=17.8022, tDelay(interp)=17.8022, tProp=-0.692538, t=2939.26, ticks=47

%MSG
%MSG-i CRT:  sbndcode/CRT/CRTDetSim:crt@BeginModule 16-May-2019 08:52:56 CDT  run: 1 subRun: 0 event: 8
CRT TIMING: t0=2922.15, tDelayMean=15.0209, tDelayRMS=5.82686, tDelay=13.1229, tDelay(interp)=13.1229, tProp=1.11805, t=2936.39, ticks=46

%MSG
%MSG-i CRT:  sbndcode/CRT/CRTDetSim:crt@BeginModule 16-May-2019 08:52:56 CDT  run: 1 subRun: 0 event: 8
CRT HIT in 65/13
CRT HIT POS 118.962 -333.157 655.35
CRT STRIP POS 180 -331.6 655.35
CRT MODULE POS 180 -270 -0.9 
CRT PATH: volWorld_1/volDetEnclosure_0/volTaggerFaceBack_0/volCRTModule_1937_0/volAuxDetCRTStripArray_1935_0/volAuxDetSensitiveCRTStrip_1932_0
CRT level 0 (strip): volAuxDetSensitiveCRTStrip_1932_0
CRT level 1 (array): volAuxDetCRTStripArray_1935_0
CRT level 2 (module): volCRTModule_1937_0
CRT level 3 (tagger): volTaggerFaceBack_0
CRT PLANE ID: 0
CRT distToReadout: 118.562 bot
CRT q0: 63, q1: 63, t0: 47, t1: 46, dt: 1

%MSG
%MSG-i CRT:  sbndcode/CRT/CRTDetSim:crt@BeginModule 16-May-2019 08:52:56 CDT  run: 1 subRun: 0 event: 8
CRT TIMING: t0=33.6932, tDelayMean=15.0209, tDelayRMS=5.82686, tDelay=17.1665, tDelay(interp)=17.1665, tProp=0.617745, t=51.4774, ticks=0

%MSG
%MSG-i CRT:  sbndcode/CRT/CRTDetSim:crt@BeginModule 16-May-2019 08:52:56 CDT  run: 1 subRun: 0 event: 8
CRT TIMING: t0=33.6932, tDelayMean=15.0209, tDelayRMS=5.82686, tDelay=13.899, tDelay(interp)=13.899, tProp=0.333897, t=47.926, ticks=0

%MSG
%MSG-i CRT:  sbndcode/CRT/CRTDetSim:crt@BeginModule 16-May-2019 08:52:56 CDT  run: 1 subRun: 0 event: 8
CRT HIT in 69/2
CRT HIT POS 50.7302 147.063 655.26
CRT STRIP POS 180 151.6 655.35
CRT MODULE POS 180 90 -0.9 
CRT PATH: volWorld_1/volDetEnclosure_0/volTaggerFaceBack_0/volCRTModule_2013_0/volAuxDetCRTStripArray_2011_0/volAuxDetSensitiveCRTStrip_1997_0
CRT level 0 (strip): volAuxDetSensitiveCRTStrip_1997_0
CRT level 1 (array): volAuxDetCRTStripArray_2011_0
CRT level 2 (module): volCRTModule_2013_0
CRT level 3 (tagger): volTaggerFaceBack_0
CRT PLANE ID: 0
CRT distToReadout: 50.3302 bot
CRT q0: 63, q1: 63, t0: 0, t1: 0, dt: 0

%MSG
%MSG-i CRT:  sbndcode/CRT/CRTDetSim:crt@BeginModule 16-May-2019 08:52:56 CDT  run: 1 subRun: 0 event: 8
CRT TIMING: t0=33.778, tDelayMean=15.0209, tDelayRMS=5.82686, tDelay=16.5929, tDelay(interp)=16.5929, tProp=0.443845, t=50.8147, ticks=0

%MSG
%MSG-i CRT:  sbndcode/CRT/CRTDetSim:crt@BeginModule 16-May-2019 08:52:56 CDT  run: 1 subRun: 0 event: 8
CRT TIMING: t0=33.778, tDelayMean=15.0209, tDelayRMS=5.82686, tDelay=19.1538, tDelay(interp)=19.1538, tProp=0.0964596, t=53.0282, ticks=0

%MSG
%MSG-i CRT:  sbndcode/CRT/CRTDetSim:crt@BeginModule 16-May-2019 08:52:56 CDT  run: 1 subRun: 0 event: 8
CRT HIT in 69/3
CRT HIT POS 52.0677 145.757 654.991
CRT STRIP POS 180 140.4 655.35
CRT MODULE POS 180 90 -0.9 
CRT PATH: volWorld_1/volDetEnclosure_0/volTaggerFaceBack_0/volCRTModule_2013_0/volAuxDetCRTStripArray_2011_0/volAuxDetSensitiveCRTStrip_1998_0
CRT level 0 (strip): volAuxDetSensitiveCRTStrip_1998_0
CRT level 1 (array): volAuxDetCRTStripArray_2011_0
CRT level 2 (module): volCRTModule_2013_0
CRT level 3 (tagger): volTaggerFaceBack_0
CRT PLANE ID: 0
CRT distToReadout: 51.6677 bot
CRT q0: 63, q1: 63, t0: 0, t1: 0, dt: 0

%MSG
%MSG-i CRT:  sbndcode/CRT/CRTDetSim:crt@BeginModule 16-May-2019 08:52:56 CDT  run: 1 subRun: 0 event: 8
CRT TIMING: t0=22.7745, tDelayMean=15.0209, tDelayRMS=5.82686, tDelay=3.02676, tDelay(interp)=3.02676, tProp=0.600481, t=26.4017, ticks=0

%MSG
%MSG-i CRT:  sbndcode/CRT/CRTDetSim:crt@BeginModule 16-May-2019 08:52:56 CDT  run: 1 subRun: 0 event: 8
CRT TIMING: t0=22.7745, tDelayMean=15.0209, tDelayRMS=5.82686, tDelay=10.0629, tDelay(interp)=10.0629, tProp=1.36631, t=34.2037, ticks=0

%MSG
%MSG-i CRT:  sbndcode/CRT/CRTDetSim:crt@BeginModule 16-May-2019 08:52:56 CDT  run: 1 subRun: 0 event: 8
CRT HIT in 69/10
CRT HIT POS 147.493 61.304 654.85
CRT STRIP POS 180 62 655.35
CRT MODULE POS 180 90 -0.9 
CRT PATH: volWorld_1/volDetEnclosure_0/volTaggerFaceBack_0/volCRTModule_2013_0/volAuxDetCRTStripArray_2011_0/volAuxDetSensitiveCRTStrip_2005_0
CRT level 0 (strip): volAuxDetSensitiveCRTStrip_2005_0
CRT level 1 (array): volAuxDetCRTStripArray_2011_0
CRT level 2 (module): volCRTModule_2013_0
CRT level 3 (tagger): volTaggerFaceBack_0
CRT PLANE ID: 0
CRT distToReadout: 147.093 bot
CRT q0: 63, q1: 63, t0: 0, t1: 0, dt: 0

%MSG
%MSG-i CRT:  sbndcode/CRT/CRTDetSim:crt@BeginModule 16-May-2019 08:52:56 CDT  run: 1 subRun: 0 event: 8
CRT TIMING: t0=25.3797, tDelayMean=15.0209, tDelayRMS=5.82686, tDelay=16.3824, tDelay(interp)=16.3824, tProp=-1.06347, t=40.6986, ticks=0

%MSG
%MSG-i CRT:  sbndcode/CRT/CRTDetSim:crt@BeginModule 16-May-2019 08:52:56 CDT  run: 1 subRun: 0 event: 8
CRT TIMING: t0=25.3797, tDelayMean=14.4228, tDelayRMS=5.89991, tDelay=25.0818, tDelay(interp)=25.0818, tProp=-0.632584, t=49.8289, ticks=0

%MSG
%MSG-i CRT:  sbndcode/CRT/CRTDetSim:crt@BeginModule 16-May-2019 08:52:56 CDT  run: 1 subRun: 0 event: 8
CRT HIT in 69/13
CRT HIT POS 198.817 25.9852 655.213
CRT STRIP POS 180 28.4 655.35
CRT MODULE POS 180 90 -0.9 
CRT PATH: volWorld_1/volDetEnclosure_0/volTaggerFaceBack_0/volCRTModule_2013_0/volAuxDetCRTStripArray_2011_0/volAuxDetSensitiveCRTStrip_2008_0
CRT level 0 (strip): volAuxDetSensitiveCRTStrip_2008_0
CRT level 1 (array): volAuxDetCRTStripArray_2011_0
CRT level 2 (module): volCRTModule_2013_0
CRT level 3 (tagger): volTaggerFaceBack_0
CRT PLANE ID: 0
CRT distToReadout: 198.417 bot
CRT q0: 63, q1: 201, t0: 0, t1: 0, dt: 0

%MSG
%MSG-i CRT:  sbndcode/CRT/CRTDetSim:crt@BeginModule 16-May-2019 08:52:57 CDT  run: 1 subRun: 0 event: 8
CRT TIMING: t0=2928.33, tDelayMean=15.0209, tDelayRMS=5.82686, tDelay=19.9919, tDelay(interp)=19.9919, tProp=-0.207428, t=2948.11, ticks=47

%MSG
%MSG-i CRT:  sbndcode/CRT/CRTDetSim:crt@BeginModule 16-May-2019 08:52:57 CDT  run: 1 subRun: 0 event: 8
CRT TIMING: t0=2928.33, tDelayMean=15.0209, tDelayRMS=5.82686, tDelay=-0.712417, tDelay(interp)=-0.712417, tProp=0.0931043, t=2927.71, ticks=46

%MSG
%MSG-i CRT:  sbndcode/CRT/CRTDetSim:crt@BeginModule 16-May-2019 08:52:57 CDT  run: 1 subRun: 0 event: 8
CRT HIT in 120/14
CRT HIT POS 86.2714 -358.9 474.87
CRT STRIP POS 86.675 -358.9 550.25
CRT MODULE POS 48 -342 -0.9 
CRT PATH: volWorld_1/volDetEnclosure_0/volTaggerBot_0/volCRTModule_2298_0/volAuxDetCRTStripArray_2296_0/volAuxDetSensitiveCRTStrip_2294_0
CRT level 0 (strip): volAuxDetSensitiveCRTStrip_2294_0
CRT level 1 (array): volAuxDetCRTStripArray_2296_0
CRT level 2 (module): volCRTModule_2298_0
CRT level 3 (tagger): volTaggerBot_0
CRT PLANE ID: 0
CRT distToReadout: 210.98 bot
CRT q0: 63, q1: 63, t0: 47, t1: 46, dt: 1

%MSG
%MSG-i CRT:  sbndcode/CRT/CRTDetSim:crt@BeginModule 16-May-2019 08:52:57 CDT  run: 1 subRun: 0 event: 8
CRT TRIGGERED HITS: 0

%MSG
Begin processing the 9th record. run: 1 subRun: 0 event: 9 at 16-May-2019 08:52:58 CDT
%MSG-i NuRandomService:  ProcessEvent 16-May-2019 08:52:58 CDT  run: 1 subRun: 0 event: 9
Random seed for this event, engine '.SPhaseChannelNoiseService': 684776316
%MSG
%MSG-i DetPedestalRetrievalAlg:  ProcessEvent 16-May-2019 08:52:58 CDT  run: 1 subRun: 0 event: 9
DetPedestalRetrievalAlg::UpdateTimeStamp called.
%MSG
%MSG-i NuRandomService:  SimWireSBND:daq@BeginModule 16-May-2019 08:52:58 CDT  run: 1 subRun: 0 event: 9
Random seed for this event, engine 'daq.noise': 336714985
%MSG
%MSG-i NuRandomService:  SimWireSBND:daq@BeginModule 16-May-2019 08:52:58 CDT  run: 1 subRun: 0 event: 9
Random seed for this event, engine 'daq.pedestal': 406151256
%MSG
%MSG-i NuRandomService:  sbndcode/CRT/CRTDetSim:crt@BeginModule  16-May-2019 08:53:00 CDT run: 1 subRun: 0 event: 9
Random seed for this event, engine 'crt.crt': 842723999
%MSG
%MSG-i CRT:  sbndcode/CRT/CRTDetSim:crt@BeginModule 16-May-2019 08:53:02 CDT  run: 1 subRun: 0 event: 9
CRT TRIGGERED HITS: 0

%MSG
Begin processing the 10th record. run: 1 subRun: 0 event: 10 at 16-May-2019 08:53:03 CDT
%MSG-i NuRandomService:  ProcessEvent 16-May-2019 08:53:03 CDT  run: 1 subRun: 0 event: 10
Random seed for this event, engine '.SPhaseChannelNoiseService': 845669633
%MSG
%MSG-i DetPedestalRetrievalAlg:  ProcessEvent 16-May-2019 08:53:03 CDT  run: 1 subRun: 0 event: 10
DetPedestalRetrievalAlg::UpdateTimeStamp called.
%MSG
%MSG-i NuRandomService:  SimWireSBND:daq@BeginModule 16-May-2019 08:53:03 CDT  run: 1 subRun: 0 event: 10
Random seed for this event, engine 'daq.noise': 172711434
%MSG
%MSG-i NuRandomService:  SimWireSBND:daq@BeginModule 16-May-2019 08:53:03 CDT  run: 1 subRun: 0 event: 10
Random seed for this event, engine 'daq.pedestal': 766820818
%MSG
%MSG-i NuRandomService:  sbndcode/CRT/CRTDetSim:crt@BeginModule  16-May-2019 08:53:05 CDT run: 1 subRun: 0 event: 10
Random seed for this event, engine 'crt.crt': 610294691
%MSG
%MSG-i CRT:  sbndcode/CRT/CRTDetSim:crt@BeginModule 16-May-2019 08:53:06 CDT  run: 1 subRun: 0 event: 10
CRT TRIGGERED HITS: 0

%MSG
16-May-2019 08:53:08 CDT  Closed output file "noisefile.root"
16-May-2019 08:53:08 CDT  Closed input file "../../JobConfigurations/myfile.root"

================================================================================================================================
TimeTracker printout (sec)                        Min           Avg           Max         Median          RMS         nEvts   
================================================================================================================================
Full event                                      3.42747       4.23642       11.7926       3.46806       2.39017        11     
--------------------------------------------------------------------------------------------------------------------------------
source:RootInput(read)                        0.000223742   0.000287131   0.000744251    0.0002403    0.00015253       10     
simulate:rns:RandomNumberSaver                3.3877e-05    5.42172e-05   0.00022385    3.5435e-05    5.65502e-05      10     
simulate:daq:SimWireSBND                        1.71616       1.75566       1.88613       1.73403      0.0511124       10     
simulate:crt:sbndcode/CRT/CRTDetSim             1.7077        1.72392       1.75426       1.7213       0.0148712       10     
[art]:TriggerResults:TriggerResultInserter    1.9369e-05    2.6152e-05    7.7705e-05    2.03395e-05   1.72122e-05      10     
end_path:out1:RootOutput                       4.51e-06     5.1817e-06     7.739e-06    5.0065e-06    8.97546e-07      10     
:out1:RootOutput(write)                         1.16094       1.17926       1.25985       1.16932      0.0276971       10     
================================================================================================================================

====================================================================================================
MemoryTracker summary (base-10 MB units used)

  Peak virtual memory usage (VmPeak)  : 1259.8 MB
  Peak resident set size usage (VmHWM): 754.741 MB
  Details saved in: 'memory.db'
====================================================================================================

TrigReport ---------- Event  Summary ------------
TrigReport Events total = 10 passed = 10 failed = 0

TrigReport ------ Modules in End-Path: end_path ------------
TrigReport  Trig Bit#        Run    Success      Error Name
TrigReport     0    0         10         10          0 out1

TimeReport ---------- Time  Summary ---[sec]----
TimeReport CPU = 46.697900 Real = 47.321060

MemReport  ---------- Memory  Summary ---[base-10 MB]----
MemReport  VmPeak = 1259.8 VmHWM = 754.741

